<?xml version="1.0" encoding="GBK"?>
<!DOCTYPE sqlMap PUBLIC "-//iBATIS.com//DTD SQL Map 2.0//EN" "http://ibatis.apache.org/dtd/sql-map-2.dtd">
<sqlMap namespace="TestDAO">
    <typeAlias alias="testDO" type="com.code.project.biz.dataobject.TestDO" />
    <resultMap id="testDOResultMap" class="testDO">
        <result property="id" column="id" />
        <result property="username" column="username" />
        <result property="password" column="password" />
    </resultMap>

    <insert id="insert" parameterClass="testDO">
        <![CDATA[
	        insert into
	        user
	        (username,password)
	        values
	        (#username#,#password#)
	    ]]>
        <selectKey resultClass="int"  keyProperty="id">
            <![CDATA[SELECT LAST_INSERT_ID() AS ID ]]>
        </selectKey>
    </insert>

    <select id="select" parameterClass="testDO" resultMap="testDOResultMap">
        <![CDATA[
	        select  * from user where username = #username#
	    ]]>
        <isNotNull property="password" prepend="and" >
            <![CDATA[ password = #password# ]]>
        </isNotNull>
    </select>

    <update id="update" parameterClass="testDO">
        <![CDATA[
	        update user
	        set password=#password#,
	        where username=#username#
	    ]]>
    </update>

</sqlMap>